{
  "RSpec": {
    "coverage": {
      "/home/vodoo/sites/lunch_ordering/config/environment.rb": [
        null,
        1,
        null,
        null,
        1
      ],
      "/home/vodoo/sites/lunch_ordering/config/application.rb": [
        1,
        null,
        1,
        null,
        1,
        1,
        1,
        1,
        1,
        1,
        1,
        null,
        null,
        null,
        null,
        1,
        null,
        1,
        1,
        null,
        null,
        null,
        null,
        null,
        null,
        null,
        null,
        1,
        1,
        null,
        null,
        null,
        null,
        null,
        1,
        null,
        null,
        null
      ],
      "/home/vodoo/sites/lunch_ordering/config/boot.rb": [
        1,
        null,
        1
      ],
      "/home/vodoo/sites/lunch_ordering/config/environments/test.rb": [
        1,
        null,
        null,
        null,
        null,
        null,
        null,
        1,
        null,
        null,
        null,
        null,
        1,
        null,
        null,
        1,
        1,
        null,
        null,
        1,
        1,
        null,
        null,
        1,
        null,
        null,
        1,
        null,
        null,
        null,
        null,
        1,
        null,
        null,
        1,
        null,
        null,
        1,
        null,
        null,
        null,
        null
      ],
      "/home/vodoo/sites/lunch_ordering/config/initializers/array_paginate.rb": [
        1
      ],
      "/home/vodoo/sites/lunch_ordering/config/initializers/assets.rb": [
        null,
        null,
        null,
        1,
        1,
        1,
        null,
        null,
        null,
        null,
        null,
        null,
        null
      ],
      "/home/vodoo/sites/lunch_ordering/config/initializers/backtrace_silencers.rb": [
        null,
        null,
        null,
        null,
        null,
        null,
        null
      ],
      "/home/vodoo/sites/lunch_ordering/config/initializers/cookies_serializer.rb": [
        null,
        null,
        1
      ],
      "/home/vodoo/sites/lunch_ordering/config/initializers/filter_parameter_logging.rb": [
        null,
        null,
        null,
        1
      ],
      "/home/vodoo/sites/lunch_ordering/config/initializers/inflections.rb": [
        null,
        null,
        null,
        null,
        null,
        null,
        null,
        null,
        null,
        null,
        null,
        null,
        null,
        null,
        null,
        null
      ],
      "/home/vodoo/sites/lunch_ordering/config/initializers/mime_types.rb": [
        null,
        null,
        null,
        null
      ],
      "/home/vodoo/sites/lunch_ordering/config/initializers/secret_token.rb": [
        1,
        null,
        1,
        1,
        1,
        null,
        1,
        null,
        null,
        0,
        0,
        0,
        null,
        null,
        null,
        1
      ],
      "/home/vodoo/sites/lunch_ordering/config/initializers/session_store.rb": [
        null,
        null,
        1
      ],
      "/home/vodoo/sites/lunch_ordering/config/initializers/wrap_parameters.rb": [
        null,
        null,
        null,
        null,
        null,
        null,
        1,
        1,
        null,
        null,
        null,
        null,
        null,
        null
      ],
      "/home/vodoo/sites/lunch_ordering/config/routes.rb": [
        1,
        1,
        1,
        1,
        1,
        1,
        1,
        null,
        1,
        null,
        1,
        1,
        1,
        1,
        null,
        1,
        1,
        1,
        1,
        1,
        1,
        1,
        1,
        1,
        1,
        1,
        null,
        1,
        null,
        null,
        null,
        null,
        null,
        null,
        null,
        null,
        null,
        null,
        null,
        null,
        null,
        null,
        null,
        null,
        null,
        null,
        null,
        null,
        null,
        null,
        null,
        null,
        null,
        null,
        null,
        null,
        null,
        null,
        null,
        null,
        null,
        null,
        null,
        null,
        null,
        null,
        null,
        null,
        null,
        null,
        null,
        null,
        null,
        null,
        null,
        null,
        null,
        null,
        null,
        null,
        null,
        null,
        null,
        null,
        null
      ],
      "/home/vodoo/sites/lunch_ordering/app/helpers/application_helper.rb": [
        1,
        null,
        1,
        402,
        402,
        51,
        null,
        351,
        null,
        null,
        null
      ],
      "/home/vodoo/sites/lunch_ordering/app/helpers/post_helper.rb": [
        1,
        1,
        44,
        null,
        null,
        null,
        null
      ],
      "/home/vodoo/sites/lunch_ordering/app/helpers/sessions_helper.rb": [
        1,
        1,
        80,
        80,
        80,
        80,
        null,
        null,
        null,
        1,
        120,
        null,
        null,
        1,
        3935,
        3935,
        null,
        null,
        1,
        94,
        null,
        null,
        1,
        1091,
        null,
        null,
        1,
        165,
        7,
        7,
        null,
        null,
        1,
        35,
        1,
        null,
        null,
        null,
        null,
        1,
        40,
        null,
        40,
        40,
        null,
        null,
        1,
        76,
        76,
        null,
        null,
        1,
        4,
        null,
        null,
        1,
        455,
        454,
        454,
        null,
        1,
        null,
        null,
        null,
        null
      ],
      "/home/vodoo/sites/lunch_ordering/app/helpers/users_helper.rb": [
        1,
        1,
        173,
        173,
        173,
        null,
        null
      ],
      "/home/vodoo/sites/lunch_ordering/app/controllers/baskets_controller.rb": [
        1,
        null,
        null,
        1,
        0,
        0,
        0,
        null,
        0,
        0,
        0,
        null,
        null,
        null,
        1,
        0,
        null,
        0,
        null,
        null,
        0,
        null,
        null,
        null,
        null,
        null
      ],
      "/home/vodoo/sites/lunch_ordering/app/controllers/application_controller.rb": [
        1,
        null,
        null,
        1,
        1,
        null,
        1,
        null
      ],
      "/home/vodoo/sites/lunch_ordering/app/controllers/foods_controller.rb": [
        1,
        1,
        1,
        1,
        null,
        1,
        null,
        null,
        1,
        6,
        6,
        3,
        3,
        3,
        null,
        3,
        3,
        null,
        null,
        null,
        1,
        1,
        1,
        1,
        null,
        null,
        1,
        28,
        28,
        null,
        null,
        null,
        1,
        7,
        null,
        null,
        null,
        1,
        0,
        null,
        null,
        1,
        4,
        4,
        2,
        2,
        null,
        2,
        2,
        null,
        null,
        null,
        1,
        null,
        1,
        10,
        null,
        null,
        null
      ],
      "/home/vodoo/sites/lunch_ordering/app/models/basket.rb": [
        1,
        1,
        1,
        null,
        null,
        1,
        null,
        1,
        null,
        1,
        null
      ],
      "/home/vodoo/sites/lunch_ordering/app/models/food.rb": [
        1,
        1,
        1,
        null,
        1,
        1,
        1,
        1,
        null,
        1,
        1,
        null,
        1,
        1,
        null,
        null,
        null,
        null,
        null,
        1,
        3,
        null,
        null,
        null,
        1,
        84,
        null,
        null,
        1,
        null,
        28,
        28,
        28,
        28,
        28,
        null,
        null,
        null,
        null
      ],
      "/home/vodoo/sites/lunch_ordering/app/models/menu.rb": [
        1,
        1,
        1,
        null,
        null,
        1,
        121,
        null,
        null,
        1,
        38,
        38,
        38,
        38,
        38,
        38,
        null,
        null,
        null,
        null
      ],
      "/home/vodoo/sites/lunch_ordering/app/models/order.rb": [
        1,
        1,
        1,
        1,
        1,
        null,
        1,
        34,
        4,
        null,
        30,
        null,
        34,
        null,
        null,
        null,
        null,
        1,
        34,
        4,
        null,
        30,
        null,
        34,
        null,
        null,
        null,
        1,
        34,
        34,
        390,
        null,
        34,
        null,
        null,
        null,
        1,
        2,
        2,
        2,
        2,
        null,
        null,
        1,
        0,
        0,
        0,
        0,
        null,
        null,
        null
      ],
      "/home/vodoo/sites/lunch_ordering/app/models/role.rb": [
        1,
        1,
        1,
        1,
        null,
        null
      ],
      "/home/vodoo/sites/lunch_ordering/app/models/user.rb": [
        1,
        275,
        1,
        1,
        1,
        null,
        1,
        null,
        1,
        1,
        1,
        1,
        null,
        1,
        1,
        null,
        1,
        null,
        1,
        269,
        null,
        null,
        1,
        null,
        146,
        97,
        null,
        49,
        null,
        null,
        null,
        null,
        1,
        4204,
        null,
        null,
        1,
        null,
        1,
        146,
        null,
        null,
        null
      ],
      "/home/vodoo/sites/lunch_ordering/app/models/user_role.rb": [
        1,
        1,
        1,
        null
      ],
      "/home/vodoo/sites/lunch_ordering/app/controllers/sessions_controller.rb": [
        1,
        1,
        null,
        null,
        1,
        78,
        78,
        76,
        76,
        null,
        2,
        2,
        null,
        null,
        null,
        1,
        40,
        40,
        null,
        null
      ],
      "/home/vodoo/sites/lunch_ordering/app/controllers/users_controller.rb": [
        1,
        1,
        1,
        1,
        null,
        1,
        8,
        1,
        null,
        8,
        null,
        null,
        null,
        1,
        7,
        null,
        null,
        1,
        7,
        7,
        4,
        4,
        4,
        null,
        3,
        null,
        null,
        null,
        1,
        10,
        null,
        null,
        1,
        87,
        null,
        null,
        null,
        1,
        6,
        5,
        5,
        null,
        1,
        null,
        null,
        null,
        1,
        0,
        0,
        0,
        null,
        null,
        null,
        1,
        null,
        null,
        1,
        13,
        null,
        null,
        null,
        1,
        31,
        4,
        4,
        null,
        null,
        null,
        1,
        19,
        19,
        null,
        null,
        1,
        0,
        null,
        null
      ],
      "/home/vodoo/sites/lunch_ordering/app/controllers/static_pages_controller.rb": [
        1,
        1,
        52,
        1,
        null,
        null,
        null,
        1,
        null,
        null
      ],
      "/home/vodoo/sites/lunch_ordering/app/models/menu_food.rb": [
        1,
        1,
        1,
        null
      ],
      "/home/vodoo/sites/lunch_ordering/app/models/order_food.rb": [
        1,
        1,
        1,
        null
      ],
      "/home/vodoo/sites/lunch_ordering/app/controllers/menus_controller.rb": [
        1,
        null,
        1,
        2,
        2,
        null,
        2,
        null,
        null,
        1,
        1,
        1,
        null,
        null
      ],
      "/home/vodoo/sites/lunch_ordering/app/controllers/orders_controller.rb": [
        1,
        1,
        1,
        null,
        1,
        null,
        null,
        1,
        0,
        null,
        null,
        1,
        null,
        null,
        1,
        34,
        34,
        34,
        null,
        null,
        1,
        10,
        10,
        null,
        null,
        1,
        4,
        2,
        2,
        null,
        2,
        null,
        4,
        null,
        null,
        null
      ]
    },
    "timestamp": 1443800421
  }
}
